18     1     08.05.27 16:48:10:957 MSD java.util.MissingResourceException com.ibm.ejs.sm.client.ui.NLS.NLS 166
19     18    08.05.27 16:48:14:302 MSD com.ibm.ISecurityUtilityImpl.InvalidPasswordDecodingException com.ibm.ws.ssl.SSLConfig.getProperty 426
20     3     08.05.27 16:48:29:672 MSD javax.naming.NameNotFoundException com.ibm.ws.naming.ipcos.WsnOptimizedNamingImpl.do_resolve_complete_info 1133
21     3     08.05.27 16:48:28:521 MSD com.ibm.ws.naming.jcache.CacheEntryNotFoundException com.ibm.ws.naming.util.WsnInitCtxFactory.getInitialContextInternal 367
-----------------------------------------------------------------------
+22     1     08.05.27 16:50:12:730 MSD javax.naming.NameNotFoundException com.ibm.ws.naming.ipcos.WsnOptimizedNamingImpl.do_unbind 264
+23     1     08.05.27 16:50:12:770 MSD org.omg.CosNaming.NamingContextPackage.NotFound com.ibm.ws.naming.cosbase.WsnOptimizedNamingImplBase.unbind 409

Index  Occur Time of last Occurence   Exception SourceId ProbeId
       ences
-----------------------------------------------------------------------
1      1     08.05.27 16:50:32:867 MSD java.io.FileNotFoundException com.ibm.ejs.jms.listener.AsyncMessageLog.readRequestLogFile 128
-----------------------------------------------------------------------
+2      1     08.05.27 16:50:35:410 MSD java.lang.ClassNotFoundException com.ibm.ws.activity.ActivityServiceInterceptor.loadMigrationImpls 424
+3      1     08.05.27 16:50:36:212 MSD com.ibm.ws.naming.jcache.CacheEntryNotFoundException com.ibm.ws.naming.util.WsnInitCtxFactory.getInitialContextInternal 367
+4      1     08.05.27 16:50:36:963 MSD org.omg.CosNaming.NamingContextPackage.NotFound com.ibm.ws.naming.cosbase.WsnOptimizedNamingImplBase.bind_new_corba_context 944
+5      1     08.05.27 16:50:37:013 MSD org.omg.CosNaming.NamingContextPackage.NotFound com.ibm.ws.naming.jndicos.CNContextImpl.doCreateSubcontext 2161
+6      1     08.05.27 16:50:37:053 MSD javax.naming.NameNotFoundException com.ibm.ws.naming.jndicos.CNContextImpl.createSubcontext 756
+7      1     08.05.27 16:50:37:113 MSD javax.naming.NameAlreadyBoundException com.ibm.ws.naming.ipcos.WsnOptimizedNamingImpl.do_bind_new_corba_context 1042
+8      1     08.05.27 16:50:37:163 MSD org.omg.CosNaming.NamingContextPackage.AlreadyBound com.ibm.ws.naming.jndicos.CNContextImpl.doCreateSubcontext 2155
+9      1     08.05.27 16:50:37:203 MSD javax.naming.NameAlreadyBoundException com.ibm.ws.naming.jndicos.CNContextImpl.createSubcontext 756
+10     1     08.05.27 16:50:37:724 MSD javax.naming.NameNotFoundException com.ibm.ws.naming.urlbase.UrlContextImpl.lookup 1226
+11     1     08.05.27 16:50:37:764 MSD javax.naming.NameNotFoundException com.ibm.ws.naming.urlbase.UrlContextImpl.lookup 1252
+12     1     08.05.27 16:50:38:905 MSD com.ibm.ISecurityUtilityImpl.InvalidPasswordDecodingException com.ibm.ws.ssl.SSLConfig.getProperty 426
+13     1     08.05.27 16:50:39:326 MSD java.io.FileNotFoundException com.ibm.ejs.jms.DurableSubscriptionManagerImpl.readDurableSubscriptionFile 236
+14     1     08.05.27 16:50:40:657 MSD java.lang.ClassNotFoundException com.ibm.ws.classloader.CompoundClassLoader.loadClass 248
+15     1     08.05.27 16:50:42:460 MSD java.util.MissingResourceException com.ibm.ejs.sm.client.ui.NLS.NLS 166
+16     1     08.05.27 16:50:44:342 MSD org.omg.CosNaming.NamingContextPackage.AlreadyBound com.ibm.ws.naming.cosbase.WsnOptimizedNamingImplBase.executeBatchedOperations 1497
+17     1     08.05.27 16:51:01:455 MSD javax.naming.NameNotFoundException com.ibm.ws.naming.ipcos.WsnOptimizedNamingImpl.do_resolve_complete_info 1133
+18     1     08.05.27 16:51:01:666 MSD org.omg.CosNaming.NamingContextPackage.NotFound com.ibm.ws.naming.cosbase.WsnOptimizedNamingImplBase.resolve_complete_info 1045
+19     1     08.05.27 16:51:01:766 MSD org.omg.CosNaming.NamingContextPackage.NotFound com.ibm.ws.naming.jndicos.CNContextImpl.doLookup 1471
+20     1     08.05.27 16:51:01:846 MSD javax.naming.NameNotFoundException com.ibm.ws.naming.jndicos.CNContextImpl.lookupExt 1148

Index  Occur Time of last Occurence   Exception SourceId ProbeId
       ences
-----------------------------------------------------------------------
1      3     08.05.27 16:50:44:412 MSD org.omg.CosNaming.NamingContextPackage.AlreadyBound com.ibm.ws.naming.cosbase.WsnOptimizedNamingImplBase.executeBatchedOperations 1497
2      3     08.05.27 16:51:02:397 MSD org.omg.CosNaming.NamingContextPackage.NotFound com.ibm.ws.naming.cosbase.WsnOptimizedNamingImplBase.resolve_complete_info 1045
3      7     08.05.27 16:50:44:412 MSD javax.naming.NameAlreadyBoundException com.ibm.ws.naming.ipcos.WsnOptimizedNamingImpl.do_bind_new_corba_context 1042
4      763   08.05.27 16:52:02:988 MSD java.lang.ClassNotFoundException com.ibm.ws.classloader.CompoundClassLoader.loadClass 248
5      4     08.05.27 16:50:37:303 MSD javax.naming.NameAlreadyBoundException com.ibm.ws.naming.jndicos.CNContextImpl.createSubcontext 756
6      3     08.05.27 16:51:02:397 MSD javax.naming.NameNotFoundException com.ibm.ws.naming.jndicos.CNContextImpl.lookupExt 1148
7      1     08.05.27 16:50:39:326 MSD java.io.FileNotFoundException com.ibm.ejs.jms.DurableSubscriptionManagerImpl.readDurableSubscriptionFile 236
8      2     08.05.27 16:50:37:704 MSD org.omg.CosNaming.NamingContextPackage.NotFound com.ibm.ws.naming.jndicos.CNContextImpl.doCreateSubcontext 2161
9      2     08.05.27 16:50:37:814 MSD javax.naming.NameNotFoundException com.ibm.ws.naming.urlbase.UrlContextImpl.lookup 1252
10     2     08.05.27 16:50:37:704 MSD org.omg.CosNaming.NamingContextPackage.NotFound com.ibm.ws.naming.cosbase.WsnOptimizedNamingImplBase.bind_new_corba_context 944
11     1     08.05.27 16:50:35:410 MSD java.lang.ClassNotFoundException com.ibm.ws.activity.ActivityServiceInterceptor.loadMigrationImpls 424
12     3     08.05.27 16:51:02:397 MSD org.omg.CosNaming.NamingContextPackage.NotFound com.ibm.ws.naming.jndicos.CNContextImpl.doLookup 1471
13     2     08.05.27 16:50:37:704 MSD javax.naming.NameNotFoundException com.ibm.ws.naming.jndicos.CNContextImpl.createSubcontext 756
14     1     08.05.27 16:50:32:867 MSD java.io.FileNotFoundException com.ibm.ejs.jms.listener.AsyncMessageLog.readRequestLogFile 128
15     4     08.05.27 16:50:37:303 MSD org.omg.CosNaming.NamingContextPackage.AlreadyBound com.ibm.ws.naming.jndicos.CNContextImpl.doCreateSubcontext 2155
16     4     08.05.27 16:50:37:814 MSD javax.naming.NameNotFoundException com.ibm.ws.naming.urlbase.UrlContextImpl.lookup 1226
17     1     08.05.27 16:50:42:460 MSD java.util.MissingResourceException com.ibm.ejs.sm.client.ui.NLS.NLS 166
18     18    08.05.27 16:50:45:894 MSD com.ibm.ISecurityUtilityImpl.InvalidPasswordDecodingException com.ibm.ws.ssl.SSLConfig.getProperty 426
19     3     08.05.27 16:51:02:397 MSD javax.naming.NameNotFoundException com.ibm.ws.naming.ipcos.WsnOptimizedNamingImpl.do_resolve_complete_info 1133
20     3     08.05.27 16:51:01:445 MSD com.ibm.ws.naming.jcache.CacheEntryNotFoundException com.ibm.ws.naming.util.WsnInitCtxFactory.getInitialContextInternal 367
-----------------------------------------------------------------------
+21     1     08.05.27 16:52:20:181 MSD java.rmi.RemoteException com.ibm.ejs.container.RemoteExceptionMappingStrategy.setUncheckedException 200

Index  Occur Time of last Occurence   Exception SourceId ProbeId
       ences
-----------------------------------------------------------------------
1      3     08.05.27 16:50:44:412 MSD org.omg.CosNaming.NamingContextPackage.AlreadyBound com.ibm.ws.naming.cosbase.WsnOptimizedNamingImplBase.executeBatchedOperations 1497
2      3     08.05.27 16:51:02:397 MSD org.omg.CosNaming.NamingContextPackage.NotFound com.ibm.ws.naming.cosbase.WsnOptimizedNamingImplBase.resolve_complete_info 1045
3      7     08.05.27 16:50:44:412 MSD javax.naming.NameAlreadyBoundException com.ibm.ws.naming.ipcos.WsnOptimizedNamingImpl.do_bind_new_corba_context 1042
4      764   08.05.27 16:52:03:038 MSD java.lang.ClassNotFoundException com.ibm.ws.classloader.CompoundClassLoader.loadClass 248
5      4     08.05.27 16:50:37:303 MSD javax.naming.NameAlreadyBoundException com.ibm.ws.naming.jndicos.CNContextImpl.createSubcontext 756
6      3     08.05.27 16:51:02:397 MSD javax.naming.NameNotFoundException com.ibm.ws.naming.jndicos.CNContextImpl.lookupExt 1148
7      1     08.05.27 16:50:39:326 MSD java.io.FileNotFoundException com.ibm.ejs.jms.DurableSubscriptionManagerImpl.readDurableSubscriptionFile 236
8      2     08.05.27 16:50:37:704 MSD org.omg.CosNaming.NamingContextPackage.NotFound com.ibm.ws.naming.jndicos.CNContextImpl.doCreateSubcontext 2161
9      2     08.05.27 16:50:37:814 MSD javax.naming.NameNotFoundException com.ibm.ws.naming.urlbase.UrlContextImpl.lookup 1252
10     2     08.05.27 16:50:37:704 MSD org.omg.CosNaming.NamingContextPackage.NotFound com.ibm.ws.naming.cosbase.WsnOptimizedNamingImplBase.bind_new_corba_context 944
11     1     08.05.27 16:50:35:410 MSD java.lang.ClassNotFoundException com.ibm.ws.activity.ActivityServiceInterceptor.loadMigrationImpls 424
12     3     08.05.27 16:51:02:397 MSD org.omg.CosNaming.NamingContextPackage.NotFound com.ibm.ws.naming.jndicos.CNContextImpl.doLookup 1471
13     2     08.05.27 16:50:37:704 MSD javax.naming.NameNotFoundException com.ibm.ws.naming.jndicos.CNContextImpl.createSubcontext 756
14     1     08.05.27 16:50:32:867 MSD java.io.FileNotFoundException com.ibm.ejs.jms.listener.AsyncMessageLog.readRequestLogFile 128
15     4     08.05.27 16:50:37:303 MSD org.omg.CosNaming.NamingContextPackage.AlreadyBound com.ibm.ws.naming.jndicos.CNContextImpl.doCreateSubcontext 2155
16     4     08.05.27 16:50:37:814 MSD javax.naming.NameNotFoundException com.ibm.ws.naming.urlbase.UrlContextImpl.lookup 1226
17     2     08.05.27 16:53:44:754 MSD java.rmi.RemoteException com.ibm.ejs.container.RemoteExceptionMappingStrategy.setUncheckedException 200
18     1     08.05.27 16:50:42:460 MSD java.util.MissingResourceException com.ibm.ejs.sm.client.ui.NLS.NLS 166
19     18    08.05.27 16:50:45:894 MSD com.ibm.ISecurityUtilityImpl.InvalidPasswordDecodingException com.ibm.ws.ssl.SSLConfig.getProperty 426
20     3     08.05.27 16:51:02:397 MSD javax.naming.NameNotFoundException com.ibm.ws.naming.ipcos.WsnOptimizedNamingImpl.do_resolve_complete_info 1133
21     3     08.05.27 16:51:01:445 MSD com.ibm.ws.naming.jcache.CacheEntryNotFoundException com.ibm.ws.naming.util.WsnInitCtxFactory.getInitialContextInternal 367
-----------------------------------------------------------------------
+22     1     08.05.27 16:56:36:233 MSD javax.naming.NameNotFoundException com.ibm.ws.naming.ipcos.WsnOptimizedNamingImpl.do_unbind 264
+23     1     08.05.27 16:56:36:273 MSD org.omg.CosNaming.NamingContextPackage.NotFound com.ibm.ws.naming.cosbase.WsnOptimizedNamingImplBase.unbind 409

Index  Occur Time of last Occurence   Exception SourceId ProbeId
       ences
-----------------------------------------------------------------------
1      3     08.05.27 16:50:44:412 MSD org.omg.CosNaming.NamingContextPackage.AlreadyBound com.ibm.ws.naming.cosbase.WsnOptimizedNamingImplBase.executeBatchedOperations 1497
2      3     08.05.27 16:51:02:397 MSD org.omg.CosNaming.NamingContextPackage.NotFound com.ibm.ws.naming.cosbase.WsnOptimizedNamingImplBase.resolve_complete_info 1045
3      7     08.05.27 16:50:44:412 MSD javax.naming.NameAlreadyBoundException com.ibm.ws.naming.ipcos.WsnOptimizedNamingImpl.do_bind_new_corba_context 1042
4      770   08.05.27 16:56:41:450 MSD java.lang.ClassNotFoundException com.ibm.ws.classloader.CompoundClassLoader.loadClass 248
5      4     08.05.27 16:50:37:303 MSD javax.naming.NameAlreadyBoundException com.ibm.ws.naming.jndicos.CNContextImpl.createSubcontext 756
6      1     08.05.27 16:56:36:233 MSD javax.naming.NameNotFoundException com.ibm.ws.naming.ipcos.WsnOptimizedNamingImpl.do_unbind 264
7      3     08.05.27 16:51:02:397 MSD javax.naming.NameNotFoundException com.ibm.ws.naming.jndicos.CNContextImpl.lookupExt 1148
8      1     08.05.27 16:50:39:326 MSD java.io.FileNotFoundException com.ibm.ejs.jms.DurableSubscriptionManagerImpl.readDurableSubscriptionFile 236
9      2     08.05.27 16:50:37:704 MSD org.omg.CosNaming.NamingContextPackage.NotFound com.ibm.ws.naming.jndicos.CNContextImpl.doCreateSubcontext 2161
10     2     08.05.27 16:50:37:814 MSD javax.naming.NameNotFoundException com.ibm.ws.naming.urlbase.UrlContextImpl.lookup 1252
11     2     08.05.27 16:50:37:704 MSD org.omg.CosNaming.NamingContextPackage.NotFound com.ibm.ws.naming.cosbase.WsnOptimizedNamingImplBase.bind_new_corba_context 944
12     1     08.05.27 16:50:35:410 MSD java.lang.ClassNotFoundException com.ibm.ws.activity.ActivityServiceInterceptor.loadMigrationImpls 424
13     3     08.05.27 16:51:02:397 MSD org.omg.CosNaming.NamingContextPackage.NotFound com.ibm.ws.naming.jndicos.CNContextImpl.doLookup 1471
14     2     08.05.27 16:50:37:704 MSD javax.naming.NameNotFoundException com.ibm.ws.naming.jndicos.CNContextImpl.createSubcontext 756
15     1     08.05.27 16:50:32:867 MSD java.io.FileNotFoundException com.ibm.ejs.jms.listener.AsyncMessageLog.readRequestLogFile 128
16     4     08.05.27 16:50:37:303 MSD org.omg.CosNaming.NamingContextPackage.AlreadyBound com.ibm.ws.naming.jndicos.CNContextImpl.doCreateSubcontext 2155
17     4     08.05.27 16:50:37:814 MSD javax.naming.NameNotFoundException com.ibm.ws.naming.urlbase.UrlContextImpl.lookup 1226
18     2     08.05.27 16:53:44:754 MSD java.rmi.RemoteException com.ibm.ejs.container.RemoteExceptionMappingStrategy.setUncheckedException 200
19     1     08.05.27 16:50:42:460 MSD java.util.MissingResourceException com.ibm.ejs.sm.client.ui.NLS.NLS 166
20     18    08.05.27 16:50:45:894 MSD com.ibm.ISecurityUtilityImpl.InvalidPasswordDecodingException com.ibm.ws.ssl.SSLConfig.getProperty 426
21     1     08.05.27 16:56:36:273 MSD org.omg.CosNaming.NamingContextPackage.NotFound com.ibm.ws.naming.cosbase.WsnOptimizedNamingImplBase.unbind 409
22     3     08.05.27 16:51:02:397 MSD javax.naming.NameNotFoundException com.ibm.ws.naming.ipcos.WsnOptimizedNamingImpl.do_resolve_complete_info 1133
23     3     08.05.27 16:51:01:445 MSD com.ibm.ws.naming.jcache.CacheEntryNotFoundException com.ibm.ws.naming.util.WsnInitCtxFactory.getInitialContextInternal 367
-----------------------------------------------------------------------

Index  Occur Time of last Occurence   Exception SourceId ProbeId
       ences
-----------------------------------------------------------------------
1      1     08.05.27 16:56:54:418 MSD java.io.FileNotFoundException com.ibm.ejs.jms.listener.AsyncMessageLog.readRequestLogFile 128
-----------------------------------------------------------------------
+2      1     08.05.27 16:56:56:951 MSD java.lang.ClassNotFoundException com.ibm.ws.activity.ActivityServiceInterceptor.loadMigrationImpls 424
+3      1     08.05.27 16:56:57:752 MSD com.ibm.ws.naming.jcache.CacheEntryNotFoundException com.ibm.ws.naming.util.WsnInitCtxFactory.getInitialContextInternal 367
+4      1     08.05.27 16:56:58:513 MSD org.omg.CosNaming.NamingContextPackage.NotFound com.ibm.ws.naming.cosbase.WsnOptimizedNamingImplBase.bind_new_corba_context 944
+5      1     08.05.27 16:56:58:553 MSD org.omg.CosNaming.NamingContextPackage.NotFound com.ibm.ws.naming.jndicos.CNContextImpl.doCreateSubcontext 2161
+6      1     08.05.27 16:56:58:603 MSD javax.naming.NameNotFoundException com.ibm.ws.naming.jndicos.CNContextImpl.createSubcontext 756
+7      1     08.05.27 16:56:58:663 MSD javax.naming.NameAlreadyBoundException com.ibm.ws.naming.ipcos.WsnOptimizedNamingImpl.do_bind_new_corba_context 1042
+8      1     08.05.27 16:56:58:713 MSD org.omg.CosNaming.NamingContextPackage.AlreadyBound com.ibm.ws.naming.jndicos.CNContextImpl.doCreateSubcontext 2155
+9      1     08.05.27 16:56:58:753 MSD javax.naming.NameAlreadyBoundException com.ibm.ws.naming.jndicos.CNContextImpl.createSubcontext 756
+10     1     08.05.27 16:56:59:254 MSD javax.naming.NameNotFoundException com.ibm.ws.naming.urlbase.UrlContextImpl.lookup 1226
+11     1     08.05.27 16:56:59:294 MSD javax.naming.NameNotFoundException com.ibm.ws.naming.urlbase.UrlContextImpl.lookup 1252
+12     1     08.05.27 16:57:00:436 MSD com.ibm.ISecurityUtilityImpl.InvalidPasswordDecodingException com.ibm.ws.ssl.SSLConfig.getProperty 426
+13     1     08.05.27 16:57:00:876 MSD java.io.FileNotFoundException com.ibm.ejs.jms.DurableSubscriptionManagerImpl.readDurableSubscriptionFile 236
+14     1     08.05.27 16:57:02:198 MSD java.lang.ClassNotFoundException com.ibm.ws.classloader.CompoundClassLoader.loadClass 248
+15     1     08.05.27 16:57:03:980 MSD java.util.MissingResourceException com.ibm.ejs.sm.client.ui.NLS.NLS 166
+16     1     08.05.27 16:57:05:853 MSD org.omg.CosNaming.NamingContextPackage.AlreadyBound com.ibm.ws.naming.cosbase.WsnOptimizedNamingImplBase.executeBatchedOperations 1497

Index  Occur Time of last Occurence   Exception SourceId ProbeId
       ences
-----------------------------------------------------------------------
1      3     08.05.27 16:57:05:923 MSD org.omg.CosNaming.NamingContextPackage.AlreadyBound com.ibm.ws.naming.cosbase.WsnOptimizedNamingImplBase.executeBatchedOperations 1497
2      7     08.05.27 16:57:05:923 MSD javax.naming.NameAlreadyBoundException com.ibm.ws.naming.ipcos.WsnOptimizedNamingImpl.do_bind_new_corba_context 1042
3      650   08.05.27 16:58:06:694 MSD java.lang.ClassNotFoundException com.ibm.ws.classloader.CompoundClassLoader.loadClass 248
4      4     08.05.27 16:56:58:844 MSD javax.naming.NameAlreadyBoundException com.ibm.ws.naming.jndicos.CNContextImpl.createSubcontext 756
5      1     08.05.27 16:57:00:876 MSD java.io.FileNotFoundException com.ibm.ejs.jms.DurableSubscriptionManagerImpl.readDurableSubscriptionFile 236
6      2     08.05.27 16:56:59:234 MSD org.omg.CosNaming.NamingContextPackage.NotFound com.ibm.ws.naming.jndicos.CNContextImpl.doCreateSubcontext 2161
7      2     08.05.27 16:56:59:344 MSD javax.naming.NameNotFoundException com.ibm.ws.naming.urlbase.UrlContextImpl.lookup 1252
8      2     08.05.27 16:56:59:234 MSD org.omg.CosNaming.NamingContextPackage.NotFound com.ibm.ws.naming.cosbase.WsnOptimizedNamingImplBase.bind_new_corba_context 944
9      1     08.05.27 16:56:56:951 MSD java.lang.ClassNotFoundException com.ibm.ws.activity.ActivityServiceInterceptor.loadMigrationImpls 424
10     2     08.05.27 16:56:59:234 MSD javax.naming.NameNotFoundException com.ibm.ws.naming.jndicos.CNContextImpl.createSubcontext 756
11     1     08.05.27 16:56:54:418 MSD java.io.FileNotFoundException com.ibm.ejs.jms.listener.AsyncMessageLog.readRequestLogFile 128
12     4     08.05.27 16:56:58:844 MSD org.omg.CosNaming.NamingContextPackage.AlreadyBound com.ibm.ws.naming.jndicos.CNContextImpl.doCreateSubcontext 2155
13     4     08.05.27 16:56:59:344 MSD javax.naming.NameNotFoundException com.ibm.ws.naming.urlbase.UrlContextImpl.lookup 1226
14     1     08.05.27 16:57:03:980 MSD java.util.MissingResourceException com.ibm.ejs.sm.client.ui.NLS.NLS 166
15     18    08.05.27 16:57:07:385 MSD com.ibm.ISecurityUtilityImpl.InvalidPasswordDecodingException com.ibm.ws.ssl.SSLConfig.getProperty 426
16     2     08.05.27 16:57:04:631 MSD com.ibm.ws.naming.jcache.CacheEntryNotFoundException com.ibm.ws.naming.util.WsnInitCtxFactory.getInitialContextInternal 367
-----------------------------------------------------------------------
+17     1     08.05.27 16:58:14:895 MSD javax.naming.NameNotFoundException com.ibm.ws.naming.ipcos.WsnOptimizedNamingImpl.do_resolve_complete_info 1133
+18     1     08.05.27 16:58:15:096 MSD org.omg.CosNaming.NamingContextPackage.NotFound com.ibm.ws.naming.cosbase.WsnOptimizedNamingImplBase.resolve_complete_info 1045
+19     1     08.05.27 16:58:15:206 MSD org.omg.CosNaming.NamingContextPackage.NotFound com.ibm.ws.naming.jndicos.CNContextImpl.doLookup 1471
+20     1     08.05.27 16:58:15:386 MSD javax.naming.NameNotFoundException com.ibm.ws.naming.jndicos.CNContextImpl.lookupExt 1148

Index  Occur Time of last Occurence   Exception SourceId ProbeId
       ences
-----------------------------------------------------------------------
1      3     08.05.27 16:57:05:923 MSD org.omg.CosNaming.NamingContextPackage.AlreadyBound com.ibm.ws.naming.cosbase.WsnOptimizedNamingImplBase.executeBatchedOperations 1497
2      3     08.05.27 16:58:16:107 MSD org.omg.CosNaming.NamingContextPackage.NotFound com.ibm.ws.naming.cosbase.WsnOptimizedNamingImplBase.resolve_complete_info 1045
3      7     08.05.27 16:57:05:923 MSD javax.naming.NameAlreadyBoundException com.ibm.ws.naming.ipcos.WsnOptimizedNamingImpl.do_bind_new_corba_context 1042
4      836   08.05.27 16:58:58:193 MSD java.lang.ClassNotFoundException com.ibm.ws.classloader.CompoundClassLoader.loadClass 248
5      4     08.05.27 16:56:58:844 MSD javax.naming.NameAlreadyBoundException com.ibm.ws.naming.jndicos.CNContextImpl.createSubcontext 756
6      3     08.05.27 16:58:16:107 MSD javax.naming.NameNotFoundException com.ibm.ws.naming.jndicos.CNContextImpl.lookupExt 1148
7      1     08.05.27 16:57:00:876 MSD java.io.FileNotFoundException com.ibm.ejs.jms.DurableSubscriptionManagerImpl.readDurableSubscriptionFile 236
8      2     08.05.27 16:56:59:234 MSD org.omg.CosNaming.NamingContextPackage.NotFound com.ibm.ws.naming.jndicos.CNContextImpl.doCreateSubcontext 2161
9      2     08.05.27 16:56:59:344 MSD javax.naming.NameNotFoundException com.ibm.ws.naming.urlbase.UrlContextImpl.lookup 1252
10     2     08.05.27 16:56:59:234 MSD org.omg.CosNaming.NamingContextPackage.NotFound com.ibm.ws.naming.cosbase.WsnOptimizedNamingImplBase.bind_new_corba_context 944
11     1     08.05.27 16:56:56:951 MSD java.lang.ClassNotFoundException com.ibm.ws.activity.ActivityServiceInterceptor.loadMigrationImpls 424
12     3     08.05.27 16:58:16:107 MSD org.omg.CosNaming.NamingContextPackage.NotFound com.ibm.ws.naming.jndicos.CNContextImpl.doLookup 1471
13     2     08.05.27 16:56:59:234 MSD javax.naming.NameNotFoundException com.ibm.ws.naming.jndicos.CNContextImpl.createSubcontext 756
14     1     08.05.27 16:56:54:418 MSD java.io.FileNotFoundException com.ibm.ejs.jms.listener.AsyncMessageLog.readRequestLogFile 128
15     4     08.05.27 16:56:58:844 MSD org.omg.CosNaming.NamingContextPackage.AlreadyBound com.ibm.ws.naming.jndicos.CNContextImpl.doCreateSubcontext 2155
16     4     08.05.27 16:56:59:344 MSD javax.naming.NameNotFoundException com.ibm.ws.naming.urlbase.UrlContextImpl.lookup 1226
17     1     08.05.27 16:57:03:980 MSD java.util.MissingResourceException com.ibm.ejs.sm.client.ui.NLS.NLS 166
18     18    08.05.27 16:57:07:385 MSD com.ibm.ISecurityUtilityImpl.InvalidPasswordDecodingException com.ibm.ws.ssl.SSLConfig.getProperty 426
19     3     08.05.27 16:58:16:107 MSD javax.naming.NameNotFoundException com.ibm.ws.naming.ipcos.WsnOptimizedNamingImpl.do_resolve_complete_info 1133
20     3     08.05.27 16:58:14:885 MSD com.ibm.ws.naming.jcache.CacheEntryNotFoundException com.ibm.ws.naming.util.WsnInitCtxFactory.getInitialContextInternal 367
-----------------------------------------------------------------------

Index  Occur Time of last Occurence   Exception SourceId ProbeId
       ences
-----------------------------------------------------------------------
1      3     08.05.27 16:57:05:923 MSD org.omg.CosNaming.NamingContextPackage.AlreadyBound com.ibm.ws.naming.cosbase.WsnOptimizedNamingImplBase.executeBatchedOperations 1497
2      3     08.05.27 16:58:16:107 MSD org.omg.CosNaming.NamingContextPackage.NotFound com.ibm.ws.naming.cosbase.WsnOptimizedNamingImplBase.resolve_complete_info 1045
3      7     08.05.27 16:57:05:923 MSD javax.naming.NameAlreadyBoundException com.ibm.ws.naming.ipcos.WsnOptimizedNamingImpl.do_bind_new_corba_context 1042
4      836   08.05.27 16:58:58:193 MSD java.lang.ClassNotFoundException com.ibm.ws.classloader.CompoundClassLoader.loadClass 248
5      4     08.05.27 16:56:58:844 MSD javax.naming.NameAlreadyBoundException com.ibm.ws.naming.jndicos.CNContextImpl.createSubcontext 756
6      1     08.05.27 16:59:06:895 MSD javax.naming.NameNotFoundException com.ibm.ws.naming.ipcos.WsnOptimizedNamingImpl.do_unbind 264
7      3     08.05.27 16:58:16:107 MSD javax.naming.NameNotFoundException com.ibm.ws.naming.jndicos.CNContextImpl.lookupExt 1148
8      1     08.05.27 16:57:00:876 MSD java.io.FileNotFoundException com.ibm.ejs.jms.DurableSubscriptionManagerImpl.readDurableSubscriptionFile 236
9      2     08.05.27 16:56:59:234 MSD org.omg.CosNaming.NamingContextPackage.NotFound com.ibm.ws.naming.jndicos.CNContextImpl.doCreateSubcontext 2161
10     2     08.05.27 16:56:59:344 MSD javax.naming.NameNotFoundException com.ibm.ws.naming.urlbase.UrlContextImpl.lookup 1252
11     2     08.05.27 16:56:59:234 MSD org.omg.CosNaming.NamingContextPackage.NotFound com.ibm.ws.naming.cosbase.WsnOptimizedNamingImplBase.bind_new_corba_context 944
12     1     08.05.27 16:56:56:951 MSD java.lang.ClassNotFoundException com.ibm.ws.activity.ActivityServiceInterceptor.loadMigrationImpls 424
13     3     08.05.27 16:58:16:107 MSD org.omg.CosNaming.NamingContextPackage.NotFound com.ibm.ws.naming.jndicos.CNContextImpl.doLookup 1471
14     2     08.05.27 16:56:59:234 MSD javax.naming.NameNotFoundException com.ibm.ws.naming.jndicos.CNContextImpl.createSubcontext 756
15     1     08.05.27 16:56:54:418 MSD java.io.FileNotFoundException com.ibm.ejs.jms.listener.AsyncMessageLog.readRequestLogFile 128
16     4     08.05.27 16:56:58:844 MSD org.omg.CosNaming.NamingContextPackage.AlreadyBound com.ibm.ws.naming.jndicos.CNContextImpl.doCreateSubcontext 2155
17     4     08.05.27 16:56:59:344 MSD javax.naming.NameNotFoundException com.ibm.ws.naming.urlbase.UrlContextImpl.lookup 1226
18     1     08.05.27 16:57:03:980 MSD java.util.MissingResourceException com.ibm.ejs.sm.client.ui.NLS.NLS 166
19     18    08.05.27 16:57:07:385 MSD com.ibm.ISecurityUtilityImpl.InvalidPasswordDecodingException com.ibm.ws.ssl.SSLConfig.getProperty 426
20     3     08.05.27 16:58:16:107 MSD javax.naming.NameNotFoundException com.ibm.ws.naming.ipcos.WsnOptimizedNamingImpl.do_resolve_complete_info 1133
21     3     08.05.27 16:58:14:885 MSD com.ibm.ws.naming.jcache.CacheEntryNotFoundException com.ibm.ws.naming.util.WsnInitCtxFactory.getInitialContextInternal 367
-----------------------------------------------------------------------
+22     1     08.05.27 16:59:06:945 MSD org.omg.CosNaming.NamingContextPackage.NotFound com.ibm.ws.naming.cosbase.WsnOptimizedNamingImplBase.unbind 409
