<!-- com.ibm.etools.logging.util log file -->
<NODE logging.util.node_id="NODE.ms-w60531-12.bee.vimpelcom.ru" logging.util.hostname="ms-w60531-12.bee.vimpelcom.ru" logging.util.ipaddress="192.168.144.41" logging.util.timezone="180" logging.util.time="1211196882,693"/>
<PROCESS_CREATE logging.util.process_id="PROCESS_CREATE.eclipse.1211196882,693" logging.util.pid="1097941361" logging.util.node_idref="NODE.ms-w60531-12.bee.vimpelcom.ru" logging.util.time="1211196882,693" logging.util.process_environment="unknown" logging.util.process_application_execution=""/>
<AGENT_CREATE logging.util.agent_id="AGENT_CREATE.com.ibm.etools.logging.util.1211196882,652" logging.util.agent_version="1.000" logging.util.process_idref="PROCESS_CREATE.eclipse.1211196882,693" logging.util.agent_name="com.ibm.etools.logging.util" logging.util.agent_type="Logging" logging.util.agent_parameters="" logging.util.time="1211196882,652"/>
<BuildInfo logging.util.id="com.ibm.etools.logging.util.BuildInfo_12111968826620000" logging.util.agent_idref="com.ibm.etools.logging.util" logging.util.MsgLoggerLevel="CONFIG" WSABuildLevel="20040506_1735-WB213-AD-V512D-W5">
 <Class Instance_Name="Class" logging.util.id="java.lang.Class_12111968826730000" Name="com.ibm.etools.logging.util.BuildInfo" Type="class" Package="com.ibm.etools.logging.util" Modifers="public" Superclass="java.lang.Object"/>
</BuildInfo>
<AGENT_CREATE logging.util.agent_id="AGENT_CREATE.com.ibm.etools.validation.1211196882,783" logging.util.agent_version="1.000" logging.util.process_idref="PROCESS_CREATE.eclipse.1211196882,693" logging.util.agent_name="com.ibm.etools.validation" logging.util.agent_type="Logging" logging.util.agent_parameters="" logging.util.time="1211196882,783"/>
<BuildInfo logging.util.id="com.ibm.etools.validate.plugin.BuildInfo_12111968827830000" logging.util.agent_idref="com.ibm.etools.validation" logging.util.MsgLoggerLevel="CONFIG" WSABuildLevel="20040506_1735-WB213-AD-V512D-W5">
 <Class Instance_Name="Class" logging.util.id="java.lang.Class_12111968827830001" Name="com.ibm.etools.validate.plugin.BuildInfo" Type="class" Package="com.ibm.etools.validate.plugin" Modifers="public" Superclass="java.lang.Object"/>
</BuildInfo>
<BuildInfo logging.util.id="com.ibm.etools.validate.mof.plugin.BuildInfo_12111968827930000" logging.util.agent_idref="com.ibm.etools.validation" logging.util.MsgLoggerLevel="CONFIG" WSABuildLevel="20040506_1735-WB213-AD-V512D-W5">
 <Class Instance_Name="Class" logging.util.id="java.lang.Class_12111968827930001" Name="com.ibm.etools.validate.mof.plugin.BuildInfo" Type="class" Package="com.ibm.etools.validate.mof.plugin" Modifers="public" Superclass="java.lang.Object"/>
</BuildInfo>
<AGENT_CREATE logging.util.agent_id="AGENT_CREATE.com.ibm.sed.model.1211196882,803" logging.util.agent_version="1.000" logging.util.process_idref="PROCESS_CREATE.eclipse.1211196882,693" logging.util.agent_name="com.ibm.sed.model" logging.util.agent_type="Logging" logging.util.agent_parameters="" logging.util.time="1211196882,803"/>
<BuildInfo logging.util.id="com.ibm.sed.model.BuildInfo_12111968828030000" logging.util.agent_idref="com.ibm.sed.model" logging.util.MsgLoggerLevel="CONFIG" WSABuildLevel="20040506_1735-WB213-AD-V512D-W5">
 <Class Instance_Name="Class" logging.util.id="java.lang.Class_12111968828030001" Name="com.ibm.sed.model.BuildInfo" Type="class" Package="com.ibm.sed.model" Modifers="public" Superclass="java.lang.Object"/>
</BuildInfo>
<AGENT_CREATE logging.util.agent_id="AGENT_CREATE.com.ibm.etools.websphere.tools.v5.common.1211196882,963" logging.util.agent_version="1.000" logging.util.process_idref="PROCESS_CREATE.eclipse.1211196882,693" logging.util.agent_name="com.ibm.etools.websphere.tools.v5.common" logging.util.agent_type="Logging" logging.util.agent_parameters="" logging.util.time="1211196882,963"/>
<String logging.util.agent_idref="com.ibm.etools.websphere.tools.v5.common" logging.util.MsgLoggerLevel="CONFIG" Value="5.1.1"/>
<AGENT_CREATE logging.util.agent_id="AGENT_CREATE.com.ibm.etools.websphere.tools.common.1211196882,983" logging.util.agent_version="1.000" logging.util.process_idref="PROCESS_CREATE.eclipse.1211196882,693" logging.util.agent_name="com.ibm.etools.websphere.tools.common" logging.util.agent_type="Logging" logging.util.agent_parameters="" logging.util.time="1211196882,983"/>
<String logging.util.agent_idref="com.ibm.etools.websphere.tools.common" logging.util.MsgLoggerLevel="CONFIG" Value="5.1.1.1"/>
<AGENT_CREATE logging.util.agent_id="AGENT_CREATE.com.ibm.etools.rdblib.1211196882,993" logging.util.agent_version="1.000" logging.util.process_idref="PROCESS_CREATE.eclipse.1211196882,693" logging.util.agent_name="com.ibm.etools.rdblib" logging.util.agent_type="Logging" logging.util.agent_parameters="" logging.util.time="1211196882,993"/>
<BuildInfo logging.util.id="com.ibm.etools.rdblib.BuildInfo_12111968829930000" logging.util.agent_idref="com.ibm.etools.rdblib" logging.util.MsgLoggerLevel="CONFIG" WSABuildLevel="20040506_1735-WB213-AD-V512D-W5">
 <Class Instance_Name="Class" logging.util.id="java.lang.Class_12111968829930001" Name="com.ibm.etools.rdblib.BuildInfo" Type="class" Package="com.ibm.etools.rdblib" Modifers="public" Superclass="java.lang.Object"/>
</BuildInfo>
<String logging.util.agent_idref="com.ibm.etools.websphere.tools.common" logging.util.MsgLoggerLevel="WARNING" Value="2 Mon May 19 15:34:43 MSD 2008 com.ibm.etools.websphere.tools.WebSpherePlugin.startup(): Cannot set the DB2 driver location java variable."/>
<String logging.util.agent_idref="com.ibm.etools.websphere.tools.v5.common" logging.util.MsgLoggerLevel="WARNING" Value="2 Mon May 19 15:34:43 MSD 2008 com.ibm.etools.websphere.tools.v5.common.internal.WebSpherePluginV5Common.startup(): Cannot set the impl factory property jar file java variable."/>
<AGENT_CREATE logging.util.agent_id="AGENT_CREATE.com.ibm.etools.websphere.tools.v51.1211196883,173" logging.util.agent_version="1.000" logging.util.process_idref="PROCESS_CREATE.eclipse.1211196882,693" logging.util.agent_name="com.ibm.etools.websphere.tools.v51" logging.util.agent_type="Logging" logging.util.agent_parameters="" logging.util.time="1211196883,173"/>
<String logging.util.agent_idref="com.ibm.etools.websphere.tools.v51" logging.util.MsgLoggerLevel="CONFIG" Value="5.1.1.1"/>
<String logging.util.agent_idref="com.ibm.etools.websphere.tools.v5.common" logging.util.MsgLoggerLevel="WARNING" Value="2 Mon May 19 15:34:43 MSD 2008 com.ibm.etools.websphere.tools.v51.WebSpherePluginV51.startup(): Cannot set the impl factory property jar file java variable."/>
<AGENT_CREATE logging.util.agent_id="AGENT_CREATE.com.ibm.etools.pd.security.1211196883,323" logging.util.agent_version="1.000" logging.util.process_idref="PROCESS_CREATE.eclipse.1211196882,693" logging.util.agent_name="com.ibm.etools.pd.security" logging.util.agent_type="Logging" logging.util.agent_parameters="" logging.util.time="1211196883,323"/>
<BuildInfo logging.util.id="com.ibm.etools.pd.security.BuildInfo_12111968833230000" logging.util.agent_idref="com.ibm.etools.pd.security" logging.util.MsgLoggerLevel="CONFIG" WSABuildLevel="20040506_1735-WB213-AD-V512D-W5">
 <Class Instance_Name="Class" logging.util.id="java.lang.Class_12111968833230001" Name="com.ibm.etools.pd.security.BuildInfo" Type="class" Package="com.ibm.etools.pd.security" Modifers="public" Superclass="java.lang.Object"/>
</BuildInfo>
<AGENT_CREATE logging.util.agent_id="AGENT_CREATE.com.ibm.etools.webtools.1211196886,587" logging.util.agent_version="1.000" logging.util.process_idref="PROCESS_CREATE.eclipse.1211196882,693" logging.util.agent_name="com.ibm.etools.webtools" logging.util.agent_type="Logging" logging.util.agent_parameters="" logging.util.time="1211196886,587"/>
<BuildInfo logging.util.id="com.ibm.etools.logging.util.BuildInfo_12111968865870000" logging.util.agent_idref="com.ibm.etools.webtools" logging.util.MsgLoggerLevel="CONFIG" WSABuildLevel="20040506_1735-WB213-AD-V512D-W5">
 <Class Instance_Name="Class" logging.util.id="java.lang.Class_12111968865870001" Name="com.ibm.etools.logging.util.BuildInfo" Type="class" Package="com.ibm.etools.logging.util" Modifers="public" Superclass="java.lang.Object"/>
</BuildInfo>
<String logging.util.agent_idref="com.ibm.etools.webtools" logging.util.MsgLoggerLevel="CONFIG" Value="20040506_1735-WB213-AD-V512D-W5"/>
<AGENT_CREATE logging.util.agent_id="AGENT_CREATE.Default Logging Agent.1211196886,607" logging.util.agent_version="1.000" logging.util.process_idref="PROCESS_CREATE.eclipse.1211196882,693" logging.util.agent_name="Default Logging Agent" logging.util.agent_type="Logging" logging.util.agent_parameters="" logging.util.time="1211196886,607"/>
<BuildInfo logging.util.id="com.ibm.sed.preferences.BuildInfo_12111968866070000" logging.util.agent_idref="Default Logging Agent" logging.util.MsgLoggerLevel="CONFIG" WSABuildLevel="20040506_1735-WB213-AD-V512D-W5">
 <Class Instance_Name="Class" logging.util.id="java.lang.Class_12111968866070001" Name="com.ibm.sed.preferences.BuildInfo" Type="class" Package="com.ibm.sed.preferences" Modifers="public" Superclass="java.lang.Object"/>
</BuildInfo>
<AGENT_CREATE logging.util.agent_id="AGENT_CREATE.com.ibm.etools.struts.1211196886,727" logging.util.agent_version="1.000" logging.util.process_idref="PROCESS_CREATE.eclipse.1211196882,693" logging.util.agent_name="com.ibm.etools.struts" logging.util.agent_type="Logging" logging.util.agent_parameters="" logging.util.time="1211196886,727"/>
<BuildInfo logging.util.id="com.ibm.etools.struts.BuildInfo_12111968867270000" logging.util.agent_idref="com.ibm.etools.struts" logging.util.MsgLoggerLevel="CONFIG" WSABuildLevel="20040506_1735-WB213-AD-V512D-W5">
 <Class Instance_Name="Class" logging.util.id="java.lang.Class_12111968867270001" Name="com.ibm.etools.struts.BuildInfo" Type="class" Package="com.ibm.etools.struts" Modifers="public" Superclass="java.lang.Object"/>
</BuildInfo>
<String logging.util.agent_idref="Default Logging Agent" logging.util.MsgLoggerLevel="CONFIG" Value="5.1.1"/>
<String logging.util.agent_idref="Default Logging Agent" logging.util.MsgLoggerLevel="CONFIG" Value="5.1.1"/>
<AGENT_CREATE logging.util.agent_id="AGENT_CREATE.com.ibm.etools.websphere.tools.v5.1211197105,823" logging.util.agent_version="1.000" logging.util.process_idref="PROCESS_CREATE.eclipse.1211196882,693" logging.util.agent_name="com.ibm.etools.websphere.tools.v5" logging.util.agent_type="Logging" logging.util.agent_parameters="" logging.util.time="1211197105,823"/>
<String logging.util.agent_idref="com.ibm.etools.websphere.tools.v5" logging.util.MsgLoggerLevel="CONFIG" Value="5.1.1.1"/>
<String logging.util.agent_idref="com.ibm.etools.websphere.tools.v5.common" logging.util.MsgLoggerLevel="WARNING" Value="2 Mon May 19 15:38:25 MSD 2008 com.ibm.etools.websphere.tools.v5.WebSpherePluginV5.startup(): Cannot set the impl factory property jar file java variable."/>
<AGENT_CREATE logging.util.agent_id="AGENT_CREATE.com.ibm.etools.websphere.tools.v4.1211197106,034" logging.util.agent_version="1.000" logging.util.process_idref="PROCESS_CREATE.eclipse.1211196882,693" logging.util.agent_name="com.ibm.etools.websphere.tools.v4" logging.util.agent_type="Logging" logging.util.agent_parameters="" logging.util.time="1211197106,034"/>
<String logging.util.agent_idref="com.ibm.etools.websphere.tools.v4" logging.util.MsgLoggerLevel="CONFIG" Value="5.1.1"/>
<AGENT_CREATE logging.util.agent_id="AGENT_CREATE.com.ibm.etools.rft.1211197106,334" logging.util.agent_version="1.000" logging.util.process_idref="PROCESS_CREATE.eclipse.1211196882,693" logging.util.agent_name="com.ibm.etools.rft" logging.util.agent_type="Logging" logging.util.agent_parameters="" logging.util.time="1211197106,334"/>
<String logging.util.agent_idref="com.ibm.etools.rft" logging.util.MsgLoggerLevel="CONFIG" Value="5.0.20020126"/>
<String logging.util.agent_idref="com.ibm.etools.rft" logging.util.MsgLoggerLevel="WARNING" Value="2 Mon May 19 15:38:26 MSD 2008 com.ibm.etools.rft.ConnectionDataCreationManager.load(): Could not load rft creation cache file since the file is not found."/>
<String logging.util.agent_idref="com.ibm.etools.rft" logging.util.MsgLoggerLevel="WARNING" Value="2 Mon May 19 15:38:26 MSD 2008 com.ibm.etools.rft.ConnectionDataCreationManager.load(): Could not load rft creation cache file: java.io.FileNotFoundException: C:\ildar\RAD_NRI\.metadata\.plugins\com.ibm.etools.rft\rftCreation.xml (Не удается найти указанный файл.&#xD;&#xA;)"/>
<BuildInfo logging.util.id="com.ibm.etools.index.BuildInfo_12111988753210000" logging.util.agent_idref="Default Logging Agent" logging.util.MsgLoggerLevel="CONFIG" WSABuildLevel="20040506_1735-WB213-AD-V512D-W5">
 <Class Instance_Name="Class" logging.util.id="java.lang.Class_12111988753210001" Name="com.ibm.etools.index.BuildInfo" Type="class" Package="com.ibm.etools.index" Modifers="public" Superclass="java.lang.Object"/>
</BuildInfo>
<String logging.util.agent_idref="com.ibm.etools.rft" logging.util.MsgLoggerLevel="CONFIG" Value="5.0.20020126"/>
<String logging.util.agent_idref="com.ibm.etools.rft" logging.util.MsgLoggerLevel="WARNING" Value="2 Mon May 19 16:07:55 MSD 2008 com.ibm.etools.rft.ConnectionDataCreationManager.load(): Could not load rft creation cache file since the file is not found."/>
<String logging.util.agent_idref="com.ibm.etools.rft" logging.util.MsgLoggerLevel="WARNING" Value="2 Mon May 19 16:07:55 MSD 2008 com.ibm.etools.rft.ConnectionDataCreationManager.load(): Could not load rft creation cache file: java.io.FileNotFoundException: C:\ildar\RAD_NRI\.metadata\.plugins\com.ibm.etools.rft\rftCreation.xml (Не удается найти указанный файл.&#xD;&#xA;)"/>
